<?xml version="1.0" encoding="UTF-8"?>
<testsuite name="id.ac.ui.cs.advprog.eshop.functional.HomePageFunctionalTest" tests="2" skipped="0" failures="0" errors="0" timestamp="2025-02-14T12:24:10" hostname="ZENBOOK-RAMY" time="45.276">
  <properties/>
  <testcase name="pageTitle_isCorrect(ChromeDriver)" classname="id.ac.ui.cs.advprog.eshop.functional.HomePageFunctionalTest" time="42.316"/>
  <testcase name="welcomeMessage_homepage_isCorrect(ChromeDriver)" classname="id.ac.ui.cs.advprog.eshop.functional.HomePageFunctionalTest" time="2.958"/>
  <system-out><![CDATA[19:24:08.278 [Test worker] INFO org.springframework.test.context.support.AnnotationConfigContextLoaderUtils -- Could not detect default configuration classes for test class [id.ac.ui.cs.advprog.eshop.functional.HomePageFunctionalTest]: HomePageFunctionalTest does not declare any static, non-private, non-final, nested classes annotated with @Configuration.
19:24:08.455 [Test worker] INFO org.springframework.boot.test.context.SpringBootTestContextBootstrapper -- Found @SpringBootConfiguration id.ac.ui.cs.advprog.eshop.EshopApplication for test class id.ac.ui.cs.advprog.eshop.functional.HomePageFunctionalTest

  .   ____          _            __ _ _
 /\\ / ___'_ __ _ _(_)_ __  __ _ \ \ \ \
( ( )\___ | '_ | '_| | '_ \/ _` | \ \ \ \
 \\/  ___)| |_)| | | | | || (_| |  ) ) ) )
  '  |____| .__|_| |_|_| |_\__, | / / / /
 =========|_|==============|___/=/_/_/_/

 :: Spring Boot ::                (v3.4.2)

2025-02-14T19:24:09.001+07:00  INFO 10640 --- [eshop] [    Test worker] i.a.u.c.a.e.f.HomePageFunctionalTest     : Starting HomePageFunctionalTest using Java 21.0.2 with PID 10640 (started by Ramy in C:\Users\Ramy\Documents\ProgLan\eshop)
2025-02-14T19:24:09.004+07:00  INFO 10640 --- [eshop] [    Test worker] i.a.u.c.a.e.f.HomePageFunctionalTest     : No active profile set, falling back to 1 default profile: "default"
2025-02-14T19:24:09.955+07:00  INFO 10640 --- [eshop] [    Test worker] o.s.b.w.embedded.tomcat.TomcatWebServer  : Tomcat initialized with port 0 (http)
2025-02-14T19:24:09.977+07:00  INFO 10640 --- [eshop] [    Test worker] o.apache.catalina.core.StandardService   : Starting service [Tomcat]
2025-02-14T19:24:09.978+07:00  INFO 10640 --- [eshop] [    Test worker] o.apache.catalina.core.StandardEngine    : Starting Servlet engine: [Apache Tomcat/10.1.34]
2025-02-14T19:24:10.067+07:00  INFO 10640 --- [eshop] [    Test worker] o.a.c.c.C.[Tomcat].[localhost].[/]       : Initializing Spring embedded WebApplicationContext
2025-02-14T19:24:10.068+07:00  INFO 10640 --- [eshop] [    Test worker] w.s.c.ServletWebServerApplicationContext : Root WebApplicationContext: initialization completed in 1039 ms
2025-02-14T19:24:10.788+07:00  INFO 10640 --- [eshop] [    Test worker] o.s.b.w.embedded.tomcat.TomcatWebServer  : Tomcat started on port 37011 (http) with context path '/'
2025-02-14T19:24:10.794+07:00  INFO 10640 --- [eshop] [    Test worker] i.a.u.c.a.e.f.HomePageFunctionalTest     : Started HomePageFunctionalTest in 2.156 seconds (process running for 3.748)
2025-02-14T19:24:11.616+07:00  INFO 10640 --- [eshop] [    Test worker] i.g.bonigarcia.wdm.WebDriverManager      : Using chromedriver 132.0.6834.159 (resolved driver for Chrome 132)
2025-02-14T19:24:11.638+07:00  INFO 10640 --- [eshop] [    Test worker] i.g.bonigarcia.wdm.WebDriverManager      : Exporting webdriver.chrome.driver as C:\Users\Ramy\.cache\selenium\chromedriver\win64\132.0.6834.159\chromedriver.exe
2025-02-14T19:24:12.542+07:00  WARN 10640 --- [eshop] [    Test worker] o.o.selenium.devtools.CdpVersionFinder   : Unable to find CDP implementation matching 132
2025-02-14T19:24:12.543+07:00  WARN 10640 --- [eshop] [    Test worker] o.o.selenium.chromium.ChromiumDriver     : Unable to find version of CDP to use for 132.0.6834.196. You may need to include a dependency on a specific version of the CDP using something similar to `org.seleniumhq.selenium:selenium-devtools-v86:4.25.0` where the version ("v86") matches the version of the chromium-based browser you're using and the version number of the artifact is the same as Selenium's.
2025-02-14T19:24:12.644+07:00  INFO 10640 --- [eshop] [o-auto-1-exec-1] o.a.c.c.C.[Tomcat].[localhost].[/]       : Initializing Spring DispatcherServlet 'dispatcherServlet'
2025-02-14T19:24:12.644+07:00  INFO 10640 --- [eshop] [o-auto-1-exec-1] o.s.web.servlet.DispatcherServlet        : Initializing Servlet 'dispatcherServlet'
2025-02-14T19:24:12.646+07:00  INFO 10640 --- [eshop] [o-auto-1-exec-1] o.s.web.servlet.DispatcherServlet        : Completed initialization in 2 ms
2025-02-14T19:24:53.135+07:00  INFO 10640 --- [eshop] [    Test worker] i.g.bonigarcia.wdm.WebDriverManager      : Using chromedriver 132.0.6834.159 (resolved driver for Chrome 132)
2025-02-14T19:24:53.142+07:00  INFO 10640 --- [eshop] [    Test worker] i.g.bonigarcia.wdm.WebDriverManager      : Exporting webdriver.chrome.driver as C:\Users\Ramy\.cache\selenium\chromedriver\win64\132.0.6834.159\chromedriver.exe
2025-02-14T19:24:53.825+07:00  WARN 10640 --- [eshop] [    Test worker] o.o.selenium.devtools.CdpVersionFinder   : Unable to find CDP implementation matching 132
2025-02-14T19:24:53.825+07:00  WARN 10640 --- [eshop] [    Test worker] o.o.selenium.chromium.ChromiumDriver     : Unable to find version of CDP to use for 132.0.6834.196. You may need to include a dependency on a specific version of the CDP using something similar to `org.seleniumhq.selenium:selenium-devtools-v86:4.25.0` where the version ("v86") matches the version of the chromium-based browser you're using and the version number of the artifact is the same as Selenium's.
]]></system-out>
  <system-err><![CDATA[Mockito is currently self-attaching to enable the inline-mock-maker. This will no longer work in future releases of the JDK. Please add Mockito as an agent to your build what is described in Mockito's documentation: https://javadoc.io/doc/org.mockito/mockito-core/latest/org/mockito/Mockito.html#0.3
WARNING: A Java agent has been loaded dynamically (C:\Users\Ramy\.gradle\caches\modules-2\files-2.1\net.bytebuddy\byte-buddy-agent\1.15.11\a38b16385e867f59a641330f0362ebe742788ed8\byte-buddy-agent-1.15.11.jar)
WARNING: If a serviceability tool is in use, please run with -XX:+EnableDynamicAgentLoading to hide this warning
WARNING: If a serviceability tool is not in use, please run with -Djdk.instrument.traceUsage for more information
WARNING: Dynamic loading of agents will be disallowed by default in a future release
]]></system-err>
</testsuite>
