<?xml version="1.0" encoding="UTF-8"?>
<testsuite name="id.ac.ui.cs.advprog.eshop.EshopApplicationTests" tests="1" skipped="0" failures="0" errors="0" timestamp="2025-02-14T12:24:56" hostname="ZENBOOK-RAMY" time="0.004">
  <properties/>
  <testcase name="contextLoads()" classname="id.ac.ui.cs.advprog.eshop.EshopApplicationTests" time="0.004"/>
  <system-out><![CDATA[2025-02-14T19:24:56.084+07:00  INFO 10640 --- [eshop] [    Test worker] t.c.s.AnnotationConfigContextLoaderUtils : Could not detect default configuration classes for test class [id.ac.ui.cs.advprog.eshop.EshopApplicationTests]: EshopApplicationTests does not declare any static, non-private, non-final, nested classes annotated with @Configuration.
2025-02-14T19:24:56.090+07:00  INFO 10640 --- [eshop] [    Test worker] .b.t.c.SpringBootTestContextBootstrapper : Found @SpringBootConfiguration id.ac.ui.cs.advprog.eshop.EshopApplication for test class id.ac.ui.cs.advprog.eshop.EshopApplicationTests

  .   ____          _            __ _ _
 /\\ / ___'_ __ _ _(_)_ __  __ _ \ \ \ \
( ( )\___ | '_ | '_| | '_ \/ _` | \ \ \ \
 \\/  ___)| |_)| | | | | || (_| |  ) ) ) )
  '  |____| .__|_| |_|_| |_\__, | / / / /
 =========|_|==============|___/=/_/_/_/

 :: Spring Boot ::                (v3.4.2)

2025-02-14T19:24:56.125+07:00  INFO 10640 --- [eshop] [    Test worker] i.a.u.c.a.eshop.EshopApplicationTests    : Starting EshopApplicationTests using Java 21.0.2 with PID 10640 (started by Ramy in C:\Users\Ramy\Documents\ProgLan\eshop)
2025-02-14T19:24:56.125+07:00  INFO 10640 --- [eshop] [    Test worker] i.a.u.c.a.eshop.EshopApplicationTests    : No active profile set, falling back to 1 default profile: "default"
2025-02-14T19:24:56.382+07:00  INFO 10640 --- [eshop] [    Test worker] i.a.u.c.a.eshop.EshopApplicationTests    : Started EshopApplicationTests in 0.283 seconds (process running for 49.335)
]]></system-out>
  <system-err><![CDATA[]]></system-err>
</testsuite>
