<?xml version="1.0" encoding="UTF-8"?>
<testsuite name="id.ac.ui.cs.advprog.eshop.functional.CreateProductFunctionalTest" tests="1" skipped="0" failures="0" errors="0" timestamp="2025-02-14T12:40:38" hostname="ZENBOOK-RAMY" time="3.63">
  <properties/>
  <testcase name="user_can_create_product(ChromeDriver)" classname="id.ac.ui.cs.advprog.eshop.functional.CreateProductFunctionalTest" time="3.63"/>
  <system-out><![CDATA[2025-02-14T19:40:37.908+07:00  INFO 32052 --- [eshop] [    Test worker] t.c.s.AnnotationConfigContextLoaderUtils : Could not detect default configuration classes for test class [id.ac.ui.cs.advprog.eshop.functional.CreateProductFunctionalTest]: CreateProductFunctionalTest does not declare any static, non-private, non-final, nested classes annotated with @Configuration.
2025-02-14T19:40:37.921+07:00  INFO 32052 --- [eshop] [    Test worker] .b.t.c.SpringBootTestContextBootstrapper : Found @SpringBootConfiguration id.ac.ui.cs.advprog.eshop.EshopApplication for test class id.ac.ui.cs.advprog.eshop.functional.CreateProductFunctionalTest

  .   ____          _            __ _ _
 /\\ / ___'_ __ _ _(_)_ __  __ _ \ \ \ \
( ( )\___ | '_ | '_| | '_ \/ _` | \ \ \ \
 \\/  ___)| |_)| | | | | || (_| |  ) ) ) )
  '  |____| .__|_| |_|_| |_\__, | / / / /
 =========|_|==============|___/=/_/_/_/

 :: Spring Boot ::                (v3.4.2)

2025-02-14T19:40:37.958+07:00  INFO 32052 --- [eshop] [    Test worker] .a.u.c.a.e.f.CreateProductFunctionalTest : Starting CreateProductFunctionalTest using Java 21.0.2 with PID 32052 (started by Ramy in C:\Users\Ramy\Documents\ProgLan\eshop)
2025-02-14T19:40:37.958+07:00  INFO 32052 --- [eshop] [    Test worker] .a.u.c.a.e.f.CreateProductFunctionalTest : No active profile set, falling back to 1 default profile: "default"
2025-02-14T19:40:38.240+07:00  INFO 32052 --- [eshop] [    Test worker] o.s.b.w.embedded.tomcat.TomcatWebServer  : Tomcat initialized with port 0 (http)
2025-02-14T19:40:38.256+07:00  INFO 32052 --- [eshop] [    Test worker] o.apache.catalina.core.StandardService   : Starting service [Tomcat]
2025-02-14T19:40:38.257+07:00  INFO 32052 --- [eshop] [    Test worker] o.apache.catalina.core.StandardEngine    : Starting Servlet engine: [Apache Tomcat/10.1.34]
2025-02-14T19:40:38.325+07:00  INFO 32052 --- [eshop] [    Test worker] o.a.c.c.C.[Tomcat].[localhost].[/]       : Initializing Spring embedded WebApplicationContext
2025-02-14T19:40:38.326+07:00  INFO 32052 --- [eshop] [    Test worker] w.s.c.ServletWebServerApplicationContext : Root WebApplicationContext: initialization completed in 365 ms
2025-02-14T19:40:38.750+07:00  INFO 32052 --- [eshop] [    Test worker] o.s.b.w.embedded.tomcat.TomcatWebServer  : Tomcat started on port 37541 (http) with context path '/'
2025-02-14T19:40:38.754+07:00  INFO 32052 --- [eshop] [    Test worker] .a.u.c.a.e.f.CreateProductFunctionalTest : Started CreateProductFunctionalTest in 0.828 seconds (process running for 4.256)
2025-02-14T19:40:38.931+07:00  INFO 32052 --- [eshop] [    Test worker] i.g.bonigarcia.wdm.WebDriverManager      : Using chromedriver 132.0.6834.159 (resolved driver for Chrome 132)
2025-02-14T19:40:38.951+07:00  INFO 32052 --- [eshop] [    Test worker] i.g.bonigarcia.wdm.WebDriverManager      : Exporting webdriver.chrome.driver as C:\Users\Ramy\.cache\selenium\chromedriver\win64\132.0.6834.159\chromedriver.exe
2025-02-14T19:40:39.857+07:00  WARN 32052 --- [eshop] [    Test worker] o.o.selenium.devtools.CdpVersionFinder   : Unable to find CDP implementation matching 132
2025-02-14T19:40:39.857+07:00  WARN 32052 --- [eshop] [    Test worker] o.o.selenium.chromium.ChromiumDriver     : Unable to find version of CDP to use for 132.0.6834.196. You may need to include a dependency on a specific version of the CDP using something similar to `org.seleniumhq.selenium:selenium-devtools-v86:4.25.0` where the version ("v86") matches the version of the chromium-based browser you're using and the version number of the artifact is the same as Selenium's.
2025-02-14T19:40:39.949+07:00  INFO 32052 --- [eshop] [o-auto-1-exec-2] o.a.c.c.C.[Tomcat].[localhost].[/]       : Initializing Spring DispatcherServlet 'dispatcherServlet'
2025-02-14T19:40:39.949+07:00  INFO 32052 --- [eshop] [o-auto-1-exec-2] o.s.web.servlet.DispatcherServlet        : Initializing Servlet 'dispatcherServlet'
2025-02-14T19:40:39.952+07:00  INFO 32052 --- [eshop] [o-auto-1-exec-2] o.s.web.servlet.DispatcherServlet        : Completed initialization in 2 ms
]]></system-out>
  <system-err><![CDATA[]]></system-err>
</testsuite>
