<?xml version="1.0" encoding="UTF-8"?>
<testsuite name="id.ac.ui.cs.advprog.eshop.repository.ProductRepositoryTest" tests="3" skipped="0" failures="0" errors="0" timestamp="2025-02-14T12:01:58" hostname="ZENBOOK-RAMY" time="0.057">
  <properties/>
  <testcase name="testCreateAndFind()" classname="id.ac.ui.cs.advprog.eshop.repository.ProductRepositoryTest" time="0.043"/>
  <testcase name="testFindAllIfEmpty()" classname="id.ac.ui.cs.advprog.eshop.repository.ProductRepositoryTest" time="0.007"/>
  <testcase name="testFindAllIfMoreThanOneProduct()" classname="id.ac.ui.cs.advprog.eshop.repository.ProductRepositoryTest" time="0.004"/>
  <system-out><![CDATA[]]></system-out>
  <system-err><![CDATA[]]></system-err>
</testsuite>
