<?xml version="1.0" encoding="UTF-8"?>
<testsuite name="id.ac.ui.cs.advprog.eshop.repository.ProductRepositoryTest" tests="7" skipped="0" failures="0" errors="0" timestamp="2025-02-14T12:53:47" hostname="ZENBOOK-RAMY" time="0.069">
  <properties/>
  <testcase name="testCreateAndFind()" classname="id.ac.ui.cs.advprog.eshop.repository.ProductRepositoryTest" time="0.045"/>
  <testcase name="testUpdateProduct_Success()" classname="id.ac.ui.cs.advprog.eshop.repository.ProductRepositoryTest" time="0.004"/>
  <testcase name="testFindAllIfEmpty()" classname="id.ac.ui.cs.advprog.eshop.repository.ProductRepositoryTest" time="0.003"/>
  <testcase name="testFindAllIfMoreThanOneProduct()" classname="id.ac.ui.cs.advprog.eshop.repository.ProductRepositoryTest" time="0.003"/>
  <testcase name="testDeleteProduct_Failure_ProductNotFound()" classname="id.ac.ui.cs.advprog.eshop.repository.ProductRepositoryTest" time="0.003"/>
  <testcase name="testUpdateProduct_Failure_ProductNotFound()" classname="id.ac.ui.cs.advprog.eshop.repository.ProductRepositoryTest" time="0.003"/>
  <testcase name="testDeleteProduct_Success()" classname="id.ac.ui.cs.advprog.eshop.repository.ProductRepositoryTest" time="0.004"/>
  <system-out><![CDATA[]]></system-out>
  <system-err><![CDATA[]]></system-err>
</testsuite>
